<?xml version="1.0" encoding="UTF-8"?>
<!-- Generated by org.testng.reporters.JUnitXMLReporter -->
<testsuite ignored="0" hostname="DESKTOP-PD8BRD3" failures="0" tests="6" name="Test" time="1.541" errors="0" timestamp="04 Jul 2020 01:24:37 GMT">
  <testcase classname="tests.HomePage" name="@BeforeTest initialize" time="1.509">
    <failure type="org.openqa.selenium.SessionNotCreatedException" message="session not created: This version of ChromeDriver only supports Chrome version 80
Build info: version: &amp;apos;3.4.0&amp;apos;, revision: &amp;apos;unknown&amp;apos;, time: &amp;apos;unknown&amp;apos;
System info: host: &amp;apos;DESKTOP-PD8BRD3&amp;apos;, ip: &amp;apos;192.168.1.156&amp;apos;, os.name: &amp;apos;Windows 10&amp;apos;, os.arch: &amp;apos;amd64&amp;apos;, os.version: &amp;apos;10.0&amp;apos;, java.version: &amp;apos;11.0.6&amp;apos;
Driver info: driver.version: ChromeDriver
remote stacktrace: Backtrace:
	Ordinal0 [0x00EB0C83+1707139]
	Ordinal0 [0x00E168F1+1075441]
	Ordinal0 [0x00D8DFC9+516041]
	Ordinal0 [0x00D20554+66900]
	Ordinal0 [0x00D1CCE2+52450]
	Ordinal0 [0x00D3BFD7+180183]
	Ordinal0 [0x00D3BDDD+179677]
	Ordinal0 [0x00D39D4B+171339]
	Ordinal0 [0x00D21D4A+73034]
	Ordinal0 [0x00D22DC0+77248]
	Ordinal0 [0x00D22D59+77145]
	Ordinal0 [0x00E2BB67+1162087]
	GetHandleVerifier [0x00F4A966+508998]
	GetHandleVerifier [0x00F4A6A4+508292]
	GetHandleVerifier [0x00F5F7B7+594583]
	GetHandleVerifier [0x00F4B1D6+511158]
	Ordinal0 [0x00E2402C+1130540]
	Ordinal0 [0x00E2D4CB+1168587]
	Ordinal0 [0x00E2D633+1168947]
	Ordinal0 [0x00E45B35+1268533]
	BaseThreadInitThunk [0x76CB6359+25]
	RtlGetAppContainerNamedObjectPath [0x77C07C24+228]
	RtlGetAppContainerNamedObjectPath [0x77C07BF4+180]
">
      <![CDATA[org.openqa.selenium.SessionNotCreatedException: session not created: This version of ChromeDriver only supports Chrome version 80
Build info: version: '3.4.0', revision: 'unknown', time: 'unknown'
System info: host: 'DESKTOP-PD8BRD3', ip: '192.168.1.156', os.name: 'Windows 10', os.arch: 'amd64', os.version: '10.0', java.version: '11.0.6'
Driver info: driver.version: ChromeDriver
remote stacktrace: Backtrace:
Ordinal0 [0x00EB0C83+1707139]
Ordinal0 [0x00E168F1+1075441]
Ordinal0 [0x00D8DFC9+516041]
Ordinal0 [0x00D20554+66900]
Ordinal0 [0x00D1CCE2+52450]
Ordinal0 [0x00D3BFD7+180183]
Ordinal0 [0x00D3BDDD+179677]
Ordinal0 [0x00D39D4B+171339]
Ordinal0 [0x00D21D4A+73034]
Ordinal0 [0x00D22DC0+77248]
Ordinal0 [0x00D22D59+77145]
Ordinal0 [0x00E2BB67+1162087]
GetHandleVerifier [0x00F4A966+508998]
GetHandleVerifier [0x00F4A6A4+508292]
GetHandleVerifier [0x00F5F7B7+594583]
GetHandleVerifier [0x00F4B1D6+511158]
Ordinal0 [0x00E2402C+1130540]
Ordinal0 [0x00E2D4CB+1168587]
Ordinal0 [0x00E2D633+1168947]
Ordinal0 [0x00E45B35+1268533]
BaseThreadInitThunk [0x76CB6359+25]
RtlGetAppContainerNamedObjectPath [0x77C07C24+228]
RtlGetAppContainerNamedObjectPath [0x77C07BF4+180]

at org.openqa.selenium.remote.W3CHandshakeResponse.lambda$new$0(W3CHandshakeResponse.java:57)
at org.openqa.selenium.remote.W3CHandshakeResponse.lambda$getResponseFunction$2(W3CHandshakeResponse.java:104)
at org.openqa.selenium.remote.ProtocolHandshake.lambda$createSession$22(ProtocolHandshake.java:365)
at java.base/java.util.stream.ReferencePipeline$3$1.accept(ReferencePipeline.java:195)
at java.base/java.util.Spliterators$ArraySpliterator.tryAdvance(Spliterators.java:958)
at java.base/java.util.stream.ReferencePipeline.forEachWithCancel(ReferencePipeline.java:127)
at java.base/java.util.stream.AbstractPipeline.copyIntoWithCancel(AbstractPipeline.java:502)
at java.base/java.util.stream.AbstractPipeline.copyInto(AbstractPipeline.java:488)
at java.base/java.util.stream.AbstractPipeline.wrapAndCopyInto(AbstractPipeline.java:474)
at java.base/java.util.stream.FindOps$FindOp.evaluateSequential(FindOps.java:150)
at java.base/java.util.stream.AbstractPipeline.evaluate(AbstractPipeline.java:234)
at java.base/java.util.stream.ReferencePipeline.findFirst(ReferencePipeline.java:543)
at org.openqa.selenium.remote.ProtocolHandshake.createSession(ProtocolHandshake.java:368)
at org.openqa.selenium.remote.ProtocolHandshake.createSession(ProtocolHandshake.java:159)
at org.openqa.selenium.remote.HttpCommandExecutor.execute(HttpCommandExecutor.java:142)
at org.openqa.selenium.remote.service.DriverCommandExecutor.execute(DriverCommandExecutor.java:82)
at org.openqa.selenium.remote.RemoteWebDriver.execute(RemoteWebDriver.java:637)
at org.openqa.selenium.remote.RemoteWebDriver.startSession(RemoteWebDriver.java:250)
at org.openqa.selenium.remote.RemoteWebDriver.startSession(RemoteWebDriver.java:236)
at org.openqa.selenium.remote.RemoteWebDriver.<init>(RemoteWebDriver.java:137)
at org.openqa.selenium.chrome.ChromeDriver.<init>(ChromeDriver.java:184)
at org.openqa.selenium.chrome.ChromeDriver.<init>(ChromeDriver.java:171)
at org.openqa.selenium.chrome.ChromeDriver.<init>(ChromeDriver.java:124)
at resources.base.initializeDriver(base.java:33)
at tests.HomePage.initialize(HomePage.java:26)
... Removed 28 stack frames]]>
    </failure>
  </testcase> <!-- @BeforeTest initialize -->
  <testcase classname="tests.RShLoginTest" name="@BeforeTest initialize" time="0.0">
    <skipped/>
  </testcase> <!-- @BeforeTest initialize -->
  <testcase classname="tests.validateNavigationBar" name="@BeforeTest initialize" time="0.0">
    <skipped/>
  </testcase> <!-- @BeforeTest initialize -->
  <testcase classname="tests.validateTitle" name="@BeforeTest initialize" time="0.0">
    <skipped/>
  </testcase> <!-- @BeforeTest initialize -->
  <testcase classname="tests.HomePage" name="@AfterTest teardown" time="0.0">
    <skipped/>
  </testcase> <!-- @AfterTest teardown -->
  <testcase classname="tests.RShLoginTest" name="@AfterTest teardown" time="0.0">
    <skipped/>
  </testcase> <!-- @AfterTest teardown -->
  <testcase classname="tests.validateNavigationBar" name="@AfterTest teardown" time="0.0">
    <skipped/>
  </testcase> <!-- @AfterTest teardown -->
  <testcase classname="tests.validateTitle" name="@AfterTest teardown" time="0.0">
    <skipped/>
  </testcase> <!-- @AfterTest teardown -->
  <testcase classname="tests.HomePage" name="basePageNavigation" time="0.0">
    <skipped/>
  </testcase> <!-- basePageNavigation -->
  <testcase classname="tests.HomePage" name="basePageNavigation" time="0.0">
    <skipped/>
  </testcase> <!-- basePageNavigation -->
  <testcase classname="tests.HomePage" name="validateAppNavBar" time="0.0">
    <skipped/>
  </testcase> <!-- validateAppNavBar -->
  <testcase classname="tests.validateNavigationBar" name="validateAppNavBar" time="0.0">
    <skipped/>
  </testcase> <!-- validateAppNavBar -->
  <testcase classname="tests.validateTitle" name="validateAppTitle" time="0.0">
    <skipped/>
  </testcase> <!-- validateAppTitle -->
  <testcase classname="tests.RShLoginTest" name="Login" time="0.0">
    <skipped/>
  </testcase> <!-- Login -->
</testsuite> <!-- Test -->
